<?xml version="1.0" encoding="UTF-8"?>
<!-- Generated by org.testng.reporters.JUnitReportReporter -->
<testsuite hostname="vm-avd-hp2-665" failures="0" tests="1" name="com.qa.testscripts.TC_Scenario_002" time="4.885" errors="0" timestamp="2023-09-04T18:15:48 IST" skipped="0">
  <testcase classname="com.qa.testscripts.TC_Scenario_002" name="Scenario2" time="4.885"/>
  <system-out/>
</testsuite> <!-- com.qa.testscripts.TC_Scenario_002 -->
